2026-07-03 02:58:46 | {"event": "conversation", "user_id": "64139c62a0ff112b", "session_id": "ses_686e4c8b", "chain": "passive", "input_summary": "你好！我下周有一个重要的项目汇报，需要准备PPT。", "output_summary": "我理解了。作为您的AI好友，我会一直陪伴您。有什么想聊的都可以告诉我~", "memory_ids": ["mem_9e8190bed2c9", "mem_15122eb8ca41"], "timestamp": "2026-07-03T02:58:46.416632"}
2026-07-03 02:58:47 | {"event": "conversation", "user_id": "64139c62a0ff112b", "session_id": "ses_686e4c8b", "chain": "passive", "input_summary": "另外我最近想学瑜伽，有什么建议吗？", "output_summary": "我理解了。作为您的AI好友，我会一直陪伴您。有什么想聊的都可以告诉我~", "memory_ids": [], "timestamp": "2026-07-03T02:58:47.421179"}
2026-07-03 02:58:48 | {"event": "conversation", "user_id": "64139c62a0ff112b", "session_id": "ses_686e4c8b", "chain": "passive", "input_summary": "谢谢！我最近压力有点大。", "output_summary": "听起来您最近有些疲惫。记得给自己一些喘息的时间，我会一直在这里支持您。", "memory_ids": [], "timestamp": "2026-07-03T02:58:48.428868"}
2026-07-03 02:58:49 | {"event": "conversation", "user_id": "64139c62a0ff112b", "session_id": "ses_686e4c8b", "chain": "drift", "input_summary": "[Drift: 您之前提到的目标：待办：你好！我下周有一个重要的项目汇报，需要准备PPT。]", "output_summary": "我理解了。作为您的AI好友，我会一直陪伴您。有什么想聊的都可以告诉我~", "memory_ids": [], "timestamp": "2026-07-03T02:58:49.430587"}
2026-07-03 03:04:24 | {"event": "conversation", "user_id": "64139c62a0ff112b", "session_id": "ses_7cfe2123", "chain": "passive", "input_summary": "你好！我下周有一个重要的项目汇报，需要准备PPT。", "output_summary": "我理解了。作为您的AI好友，我会一直陪伴您。有什么想聊的都可以告诉我~", "memory_ids": ["mem_07a220864592", "mem_42c29fac97ea"], "timestamp": "2026-07-03T03:04:24.446498"}
2026-07-03 03:04:25 | {"event": "conversation", "user_id": "64139c62a0ff112b", "session_id": "ses_7cfe2123", "chain": "passive", "input_summary": "另外我最近想学瑜伽，有什么建议吗？", "output_summary": "我理解了。作为您的AI好友，我会一直陪伴您。有什么想聊的都可以告诉我~", "memory_ids": [], "timestamp": "2026-07-03T03:04:25.450968"}
2026-07-03 03:04:26 | {"event": "conversation", "user_id": "64139c62a0ff112b", "session_id": "ses_7cfe2123", "chain": "passive", "input_summary": "谢谢！我最近压力有点大。", "output_summary": "听起来您最近有些疲惫。记得给自己一些喘息的时间，我会一直在这里支持您。", "memory_ids": [], "timestamp": "2026-07-03T03:04:26.457349"}
2026-07-03 03:04:27 | {"event": "conversation", "user_id": "64139c62a0ff112b", "session_id": "ses_7cfe2123", "chain": "drift", "input_summary": "[Drift: 您之前提到的目标：待办：你好！我下周有一个重要的项目汇报，需要准备PPT。]", "output_summary": "我理解了。作为您的AI好友，我会一直陪伴您。有什么想聊的都可以告诉我~", "memory_ids": [], "timestamp": "2026-07-03T03:04:27.461147"}
2026-07-04 11:35:30 | {"event": "consent_change", "user_id": "d74738e262dc4ca9", "action": "granted", "timestamp": "2026-07-04T11:35:30.658190"}
2026-07-04 11:35:30 | {"event": "consent_change", "user_id": "d74738e262dc4ca9", "action": "granted", "timestamp": "2026-07-04T11:35:30.658418"}
2026-07-04 11:35:58 | {"event": "conversation", "user_id": "d74738e262dc4ca9", "session_id": "ses_91e4fad4", "chain": "passive", "input_summary": "你好！我下周有个项目汇报需要准备PPT", "output_summary": "我理解了。作为您的AI好友，我会一直陪伴您。有什么想聊的都可以告诉我~", "memory_ids": ["mem_2d57b9dd240c", "mem_5d5a8a7ac289"], "timestamp": "2026-07-04T11:35:58.755373"}
2026-07-04 11:36:00 | {"event": "push_decision", "user_id": "d74738e262dc4ca9", "push_type": "event_reminder", "priority_score": 0.76, "cost_score": 0.17, "pushed": true, "message_summary": "没问题，我已经记下了。到时候会提醒您的！", "timestamp": "2026-07-04T11:36:00.655835"}
2026-07-04 11:38:39 | {"event": "consent_change", "user_id": "d74738e262dc4ca9", "action": "granted", "timestamp": "2026-07-04T11:38:39.205250"}
2026-07-04 11:38:39 | {"event": "consent_change", "user_id": "d74738e262dc4ca9", "action": "granted", "timestamp": "2026-07-04T11:38:39.208566"}
2026-07-04 11:39:00 | {"event": "consent_change", "user_id": "d74738e262dc4ca9", "action": "granted", "timestamp": "2026-07-04T11:39:00.859622"}
2026-07-04 11:39:00 | {"event": "consent_change", "user_id": "d74738e262dc4ca9", "action": "granted", "timestamp": "2026-07-04T11:39:00.861164"}
2026-07-04 11:41:00 | {"event": "push_decision", "user_id": "d74738e262dc4ca9", "push_type": "event_reminder", "priority_score": 0.76, "cost_score": 0.275, "pushed": true, "message_summary": "没问题，我已经记下了。到时候会提醒您的！", "timestamp": "2026-07-04T11:41:00.891895"}
2026-07-04 11:46:30 | {"event": "push_decision", "user_id": "d74738e262dc4ca9", "push_type": "event_reminder", "priority_score": 0.76, "cost_score": 0.275, "pushed": true, "message_summary": "没问题，我已经记下了。到时候会提醒您的！", "timestamp": "2026-07-04T11:46:30.868219"}
2026-07-04 11:51:30 | {"event": "push_decision", "user_id": "d74738e262dc4ca9", "push_type": "event_reminder", "priority_score": 0.76, "cost_score": 0.38, "pushed": true, "message_summary": "没问题，我已经记下了。到时候会提醒您的！", "timestamp": "2026-07-04T11:51:30.879180"}
2026-07-04 11:57:00 | {"event": "push_decision", "user_id": "d74738e262dc4ca9", "push_type": "event_reminder", "priority_score": 0.76, "cost_score": 0.38, "pushed": true, "message_summary": "没问题，我已经记下了。到时候会提醒您的！", "timestamp": "2026-07-04T11:57:00.881045"}
2026-07-04 18:06:31 | {"event": "consent_change", "user_id": "d74738e262dc4ca9", "action": "granted", "timestamp": "2026-07-04T18:06:31.422078"}
2026-07-04 18:06:31 | {"event": "consent_change", "user_id": "d74738e262dc4ca9", "action": "granted", "timestamp": "2026-07-04T18:06:31.425328"}
2026-07-04 18:07:01 | {"event": "push_decision", "user_id": "d74738e262dc4ca9", "push_type": "event_reminder", "priority_score": 0.76, "cost_score": 0.25, "pushed": true, "message_summary": "没问题，我已经记下了。到时候会提醒您的！", "timestamp": "2026-07-04T18:07:01.441723"}
2026-07-04 18:09:18 | {"event": "consent_change", "user_id": "d74738e262dc4ca9", "action": "granted", "timestamp": "2026-07-04T18:09:18.823759"}
2026-07-04 18:09:18 | {"event": "consent_change", "user_id": "d74738e262dc4ca9", "action": "granted", "timestamp": "2026-07-04T18:09:18.827927"}
2026-07-04 18:12:14 | {"event": "consent_change", "user_id": "d74738e262dc4ca9", "action": "granted", "timestamp": "2026-07-04T18:12:14.807002"}
2026-07-04 18:12:14 | {"event": "consent_change", "user_id": "d74738e262dc4ca9", "action": "granted", "timestamp": "2026-07-04T18:12:14.809758"}
2026-07-04 18:12:44 | {"event": "push_decision", "user_id": "d74738e262dc4ca9", "push_type": "event_reminder", "priority_score": 0.76, "cost_score": 0.355, "pushed": true, "message_summary": "没问题，我已经记下了。到时候会提醒您的！", "timestamp": "2026-07-04T18:12:44.808201"}
2026-07-04 18:13:14 | {"event": "push_decision", "user_id": "d74738e262dc4ca9", "push_type": "event_reminder", "priority_score": 0.76, "cost_score": 0.25, "pushed": true, "message_summary": "没问题，我已经记下了。到时候会提醒您的！", "timestamp": "2026-07-04T18:13:14.828184"}
2026-07-04 18:18:44 | {"event": "push_decision", "user_id": "d74738e262dc4ca9", "push_type": "event_reminder", "priority_score": 0.76, "cost_score": 0.355, "pushed": true, "message_summary": "没问题，我已经记下了。到时候会提醒您的！", "timestamp": "2026-07-04T18:18:44.816465"}
2026-07-04 18:24:14 | {"event": "push_decision", "user_id": "d74738e262dc4ca9", "push_type": "event_reminder", "priority_score": 0.76, "cost_score": 0.355, "pushed": true, "message_summary": "没问题，我已经记下了。到时候会提醒您的！", "timestamp": "2026-07-04T18:24:14.821681"}
2026-07-04 18:29:44 | {"event": "push_decision", "user_id": "d74738e262dc4ca9", "push_type": "event_reminder", "priority_score": 0.76, "cost_score": 0.46, "pushed": true, "message_summary": "没问题，我已经记下了。到时候会提醒您的！", "timestamp": "2026-07-04T18:29:44.808933"}
2026-07-04 18:35:32 | {"event": "push_decision", "user_id": "d74738e262dc4ca9", "push_type": "event_reminder", "priority_score": 0.76, "cost_score": 0.46, "pushed": true, "message_summary": "没问题，我已经记下了。到时候会提醒您的！", "timestamp": "2026-07-04T18:35:32.060849"}
